{
  "RSpec": {
    "coverage": {
      "/Users/tony/Documents/RubySOA/exhaustednei/spec/helpers/vcr_helper.rb": {
        "lines": [
          null,
          null,
          1,
          1,
          null,
          null,
          1,
          1,
          null,
          1,
          2,
          2,
          2,
          null,
          null,
          null,
          1,
          2,
          null,
          null
        ]
      },
      "/Users/tony/Documents/RubySOA/exhaustednei/spec/helpers/database_helper.rb": {
        "lines": [
          null,
          null,
          null,
          1,
          1,
          null,
          2,
          0,
          0,
          0,
          null,
          null
        ]
      }
    },
    "timestamp": 1699110163
  }
}
