{
  "RSpec": {
    "coverage": {
      "/Users/tony/Documents/RubySOA/exhaustednei/monolith-exhaustednei/require_app.rb": {
        "lines": [
          null,
          null,
          null,
          null,
          null,
          null,
          null,
          null,
          1,
          5,
          1,
          null,
          1,
          47,
          null,
          null
        ]
      },
      "/Users/tony/Documents/RubySOA/exhaustednei/monolith-exhaustednei/config/environment.rb": {
        "lines": [
          null,
          null,
          1,
          1,
          1,
          1,
          1,
          null,
          1,
          null,
          1,
          1,
          1,
          null,
          1,
          null,
          null,
          null,
          1,
          1,
          null,
          null,
          1,
          1,
          null,
          null,
          1,
          1,
          1,
          null,
          null,
          1,
          null,
          null,
          null,
          null,
          null,
          1,
          1,
          null,
          1,
          1,
          1,
          null,
          null,
          null,
          null
        ]
      },
      "/Users/tony/Documents/RubySOA/exhaustednei/monolith-exhaustednei/app/infrastructure/aws_s3/s3.rb": {
        "lines": [
          null,
          null,
          1,
          1,
          1,
          null,
          1,
          1,
          null,
          1,
          1,
          null,
          1,
          1,
          1,
          50,
          50,
          null,
          null,
          50,
          null,
          null,
          null,
          null,
          null,
          1,
          28,
          28,
          null,
          null,
          null,
          null,
          null,
          1,
          0,
          0,
          null,
          0,
          null,
          null,
          null,
          1,
          22,
          null,
          null,
          null,
          null,
          null,
          null,
          1,
          0,
          null,
          null,
          null,
          1,
          44,
          null,
          null,
          1,
          22,
          22,
          22,
          22,
          null,
          null,
          null,
          null,
          null
        ]
      },
      "/Users/tony/Documents/RubySOA/exhaustednei/monolith-exhaustednei/app/infrastructure/database/animal_orm.rb": {
        "lines": [
          null,
          null,
          1,
          null,
          1,
          1,
          null,
          1,
          1,
          null,
          null,
          1,
          null,
          1,
          0,
          null,
          null,
          null,
          null,
          1,
          null,
          0,
          null,
          null,
          null,
          null
        ]
      },
      "/Users/tony/Documents/RubySOA/exhaustednei/monolith-exhaustednei/app/infrastructure/database/loss_animals_orm.rb": {
        "lines": [
          null,
          null,
          1,
          null,
          1,
          1,
          null,
          1,
          1,
          null,
          null,
          1,
          21,
          null,
          21,
          null,
          null,
          1,
          0,
          null,
          null,
          1,
          3,
          null,
          null,
          1,
          1,
          null,
          null,
          1,
          22,
          null,
          21,
          null,
          null,
          null,
          null
        ]
      },
      "/Users/tony/Documents/RubySOA/exhaustednei/monolith-exhaustednei/app/infrastructure/database/shelter_orm.rb": {
        "lines": [
          null,
          null,
          1,
          null,
          1,
          1,
          null,
          1,
          1,
          null,
          null,
          null,
          1,
          null,
          1,
          0,
          null,
          null,
          1,
          0,
          null,
          null,
          1,
          null,
          0,
          null,
          null,
          null,
          null
        ]
      },
      "/Users/tony/Documents/RubySOA/exhaustednei/monolith-exhaustednei/app/infrastructure/download/curl_download_file.rb": {
        "lines": [
          null,
          null,
          null,
          null,
          null,
          1,
          1,
          1,
          null,
          1,
          null,
          null,
          null,
          1,
          1,
          null,
          1,
          3,
          null,
          null,
          1,
          3,
          null,
          null,
          3,
          3,
          null,
          0,
          null,
          3,
          3,
          null,
          null,
          null,
          null
        ]
      },
      "/Users/tony/Documents/RubySOA/exhaustednei/monolith-exhaustednei/app/infrastructure/gateways/animalweb_api.rb": {
        "lines": [
          null,
          null,
          1,
          1,
          1,
          1,
          null,
          null,
          1,
          1,
          null,
          1,
          1,
          null,
          1,
          0,
          0,
          null,
          null,
          1,
          0,
          0,
          0,
          0,
          null,
          null,
          1,
          0,
          0,
          0,
          null,
          null,
          1,
          0,
          0,
          null,
          0,
          null,
          null,
          null,
          null
        ]
      },
      "/Users/tony/Documents/RubySOA/exhaustednei/monolith-exhaustednei/app/infrastructure/geo_location/googlemap_api.rb": {
        "lines": [
          null,
          null,
          1,
          1,
          1,
          1,
          1,
          null,
          1,
          1,
          null,
          1,
          1,
          1,
          null,
          null,
          1,
          1,
          null,
          1,
          28,
          28,
          28,
          null,
          null,
          null,
          null,
          1,
          6,
          null,
          null,
          1,
          28,
          28,
          28,
          28,
          null,
          null,
          1,
          28,
          28,
          28,
          null,
          null,
          1,
          7,
          null,
          null,
          1,
          91,
          null,
          null,
          1,
          1,
          1,
          null,
          null,
          1,
          null,
          1,
          null,
          1,
          null,
          21,
          null,
          null,
          null,
          null
        ]
      },
      "/Users/tony/Documents/RubySOA/exhaustednei/monolith-exhaustednei/app/infrastructure/gpt/gpt_api.rb": {
        "lines": [
          null,
          null,
          1,
          1,
          null,
          1,
          1,
          null,
          1,
          1,
          null,
          1,
          0,
          null,
          null,
          1,
          0,
          null,
          null,
          0,
          0,
          null,
          0,
          0,
          0,
          null,
          null,
          null,
          1,
          0,
          null,
          null,
          null,
          null,
          1,
          1,
          1,
          28,
          null,
          null,
          1,
          1,
          null,
          null,
          1,
          0,
          0,
          null,
          null,
          1,
          1,
          null,
          null,
          null,
          null,
          1,
          1,
          null,
          1,
          28,
          null,
          null,
          1,
          22,
          null,
          22,
          null,
          22,
          22,
          null,
          0,
          null,
          null,
          null,
          null,
          null
        ]
      },
      "/Users/tony/Documents/RubySOA/exhaustednei/monolith-exhaustednei/app/infrastructure/lib/star_sign.rb": {
        "lines": [
          null,
          null,
          1,
          1,
          1,
          null,
          1,
          1,
          0,
          0,
          0,
          0,
          null,
          0,
          null,
          0,
          null,
          0,
          null,
          0,
          null,
          0,
          null,
          0,
          null,
          0,
          null,
          0,
          null,
          0,
          null,
          0,
          null,
          0,
          null,
          0,
          null,
          null,
          null,
          null,
          null
        ]
      },
      "/Users/tony/Documents/RubySOA/exhaustednei/monolith-exhaustednei/app/infrastructure/image_recognition/classification.rb": {
        "lines": [
          null,
          null,
          null,
          null,
          1,
          1,
          null,
          1,
          1,
          null,
          1,
          1,
          null,
          1,
          0,
          0,
          null,
          null,
          1,
          0,
          0,
          null,
          null,
          1,
          0,
          0,
          null,
          0,
          null,
          null,
          null,
          1,
          0,
          null,
          0,
          null,
          null,
          null,
          null
        ]
      },
      "/Users/tony/Documents/RubySOA/exhaustednei/monolith-exhaustednei/app/presentation/view_objects/animal_info.rb": {
        "lines": [
          null,
          null,
          1,
          1,
          null,
          1,
          1,
          0,
          null,
          null,
          1,
          0,
          null,
          null,
          null,
          null,
          1,
          1,
          null,
          1,
          0,
          null,
          null,
          1,
          0,
          null,
          null,
          null,
          null,
          null,
          null,
          null,
          0,
          null,
          null,
          1,
          0,
          0,
          0,
          null,
          null,
          null,
          null,
          null,
          1,
          1,
          0,
          null,
          null,
          1,
          null,
          null,
          null
        ]
      },
      "/Users/tony/Documents/RubySOA/exhaustednei/monolith-exhaustednei/app/domain/find_lossing_pets/entities/finders.rb": {
        "lines": [
          null,
          null,
          1,
          1,
          1,
          null,
          1,
          1,
          1,
          null,
          1,
          null,
          1,
          1,
          1,
          1,
          null,
          null,
          null,
          null,
          null,
          1,
          1,
          0,
          null,
          null,
          1,
          0,
          null,
          null,
          1,
          0,
          null,
          null,
          null,
          null
        ]
      },
      "/Users/tony/Documents/RubySOA/exhaustednei/monolith-exhaustednei/app/domain/find_lossing_pets/entities/keepers.rb": {
        "lines": [
          null,
          null,
          1,
          1,
          1,
          null,
          1,
          1,
          null,
          1,
          3,
          3,
          3,
          3,
          null,
          null,
          null,
          1,
          1,
          null,
          null,
          1,
          3,
          2,
          null,
          null,
          null,
          null,
          null,
          null,
          null,
          null,
          null,
          null,
          1,
          1,
          null,
          null,
          1,
          1,
          null,
          null,
          null,
          null
        ]
      },
      "/Users/tony/Documents/RubySOA/exhaustednei/monolith-exhaustednei/app/domain/find_lossing_pets/init.rb": {
        "lines": [
          null,
          null,
          1,
          1,
          5,
          11,
          null,
          null
        ]
      },
      "/Users/tony/Documents/RubySOA/exhaustednei/monolith-exhaustednei/app/domain/find_lossing_pets/lib/distance_calculator.rb": {
        "lines": [
          null,
          null,
          1,
          1,
          null,
          1,
          1,
          6,
          null,
          null,
          null,
          null
        ]
      },
      "/Users/tony/Documents/RubySOA/exhaustednei/monolith-exhaustednei/app/domain/find_lossing_pets/values/contact_info.rb": {
        "lines": [
          null,
          null,
          1,
          1,
          null,
          null,
          1,
          null,
          null,
          null,
          1,
          null,
          1,
          1,
          1,
          1,
          1,
          1,
          null,
          null,
          null
        ]
      },
      "/Users/tony/Documents/RubySOA/exhaustednei/monolith-exhaustednei/app/domain/find_lossing_pets/values/lost_animals_traits.rb": {
        "lines": [
          null,
          null,
          1,
          1,
          null,
          null,
          1,
          null,
          1,
          null,
          1,
          1,
          1,
          1,
          1,
          1,
          null,
          null,
          null
        ]
      },
      "/Users/tony/Documents/RubySOA/exhaustednei/monolith-exhaustednei/app/domain/find_lossing_pets/values/possible_lost_animals.rb": {
        "lines": [
          null,
          1,
          1,
          null,
          1,
          1,
          0,
          null,
          null,
          1,
          null,
          null,
          0,
          0,
          0,
          0,
          null,
          null,
          null,
          null,
          null
        ]
      },
      "/Users/tony/Documents/RubySOA/exhaustednei/monolith-exhaustednei/app/domain/find_lossing_pets/values/take_care_info.rb": {
        "lines": [
          null,
          null,
          1,
          1,
          null,
          null,
          1,
          null,
          1,
          null,
          1,
          1,
          1,
          null,
          null,
          null
        ]
      },
      "/Users/tony/Documents/RubySOA/exhaustednei/monolith-exhaustednei/app/domain/find_lossing_pets/values/vet_review.rb": {
        "lines": [
          null,
          null,
          1,
          1,
          null,
          1,
          1,
          1,
          null,
          null,
          1,
          6,
          1,
          1,
          null,
          null,
          1,
          6,
          1,
          1,
          null,
          6,
          null,
          null,
          null,
          null
        ]
      },
      "/Users/tony/Documents/RubySOA/exhaustednei/monolith-exhaustednei/app/domain/find_lossing_pets/repositories/lossing_pets.rb": {
        "lines": [
          null,
          null,
          1,
          1,
          1,
          1,
          null,
          1,
          null,
          1,
          null,
          1,
          null,
          1,
          28,
          28,
          28,
          28,
          null,
          null,
          null,
          1,
          21,
          21,
          null,
          null,
          null,
          21,
          null,
          null,
          1,
          0,
          null,
          null,
          1,
          3,
          null,
          null,
          1,
          1,
          null,
          null,
          1,
          22,
          null,
          null,
          1,
          0,
          null,
          null,
          1,
          1,
          1,
          null,
          null,
          1,
          22,
          null,
          null,
          null,
          null
        ]
      },
      "/Users/tony/Documents/RubySOA/exhaustednei/monolith-exhaustednei/app/domain/find_lossing_pets/mappers/finder_mapper.rb": {
        "lines": [
          null,
          null,
          1,
          1,
          null,
          1,
          1,
          1,
          null,
          null,
          1,
          null,
          1,
          21,
          21,
          21,
          null,
          null,
          1,
          1,
          5,
          null,
          null,
          null,
          null,
          null,
          null,
          null,
          null,
          null,
          null,
          1,
          15,
          null,
          null,
          1,
          15,
          15,
          15,
          null,
          null,
          null,
          1,
          15,
          15,
          null,
          15,
          15,
          15,
          15,
          null,
          null,
          1,
          14,
          null,
          null,
          14,
          null,
          null,
          1,
          1,
          0,
          null,
          1,
          null,
          null,
          null,
          1,
          1,
          1,
          null,
          1,
          null,
          null,
          null,
          null,
          1,
          1,
          1,
          null,
          null,
          1,
          1,
          1,
          null,
          1,
          1,
          null,
          null,
          null,
          null
        ]
      },
      "/Users/tony/Documents/RubySOA/exhaustednei/monolith-exhaustednei/app/domain/find_lossing_pets/mappers/keeper_mapper.rb": {
        "lines": [
          null,
          null,
          1,
          1,
          null,
          1,
          1,
          null,
          1,
          1,
          1,
          null,
          null,
          1,
          null,
          1,
          null,
          1,
          7,
          7,
          7,
          7,
          null,
          null,
          1,
          7,
          null,
          null,
          null,
          null,
          1,
          3,
          3,
          null,
          null,
          1,
          7,
          7,
          7,
          null,
          null,
          null,
          1,
          7,
          7,
          null,
          7,
          7,
          7,
          7,
          null,
          null,
          1,
          7,
          null,
          null,
          null,
          7,
          null,
          null,
          1,
          3,
          0,
          null,
          3,
          null,
          null,
          null,
          1,
          3,
          null,
          3,
          6,
          6,
          null,
          6,
          6,
          null,
          null,
          null,
          null,
          null
        ]
      },
      "/Users/tony/Documents/RubySOA/exhaustednei/monolith-exhaustednei/app/domain/promote_animals_to_users/entities/animals.rb": {
        "lines": [
          null,
          null,
          null,
          1,
          1,
          1,
          null,
          1,
          1,
          null,
          1,
          1,
          603,
          null,
          null,
          1,
          68,
          null,
          null,
          null,
          null,
          null,
          null,
          null,
          null,
          null,
          1,
          0,
          null,
          null,
          null,
          null,
          1,
          1,
          null,
          1,
          16,
          null,
          null,
          null,
          null,
          1,
          1,
          null,
          null,
          1,
          null,
          18,
          null,
          null,
          null,
          null
        ]
      },
      "/Users/tony/Documents/RubySOA/exhaustednei/monolith-exhaustednei/app/domain/promote_animals_to_users/entities/shelters.rb": {
        "lines": [
          null,
          null,
          1,
          1,
          1,
          1,
          1,
          null,
          1,
          1,
          null,
          1,
          1,
          null,
          1,
          603,
          603,
          null,
          null,
          1,
          0,
          null,
          null,
          null,
          1,
          7,
          34,
          null,
          null,
          null,
          null,
          null,
          1,
          7,
          41,
          null,
          null,
          1,
          7,
          null,
          null,
          1,
          7,
          null,
          null,
          null,
          null
        ]
      },
      "/Users/tony/Documents/RubySOA/exhaustednei/monolith-exhaustednei/app/domain/promote_animals_to_users/values/shelter_info_stats.rb": {
        "lines": [
          null,
          null,
          1,
          1,
          1,
          1,
          1,
          1,
          1,
          null,
          1,
          1,
          null,
          1,
          1,
          1,
          1,
          null,
          1,
          null,
          0,
          null,
          null,
          null,
          null,
          null,
          null,
          null,
          null,
          1,
          1,
          1,
          null,
          1,
          603,
          603,
          603,
          603,
          null,
          null,
          1,
          null,
          0,
          null,
          null,
          null,
          null,
          null,
          1,
          603,
          9879,
          null,
          603,
          603,
          null,
          null,
          1,
          603,
          9879,
          null,
          603,
          603,
          null,
          null,
          1,
          7,
          null,
          null,
          1,
          7,
          null,
          34,
          null,
          7,
          7,
          null,
          null,
          1,
          7,
          7,
          null,
          7,
          null,
          7,
          null,
          null,
          null,
          null
        ]
      },
      "/Users/tony/Documents/RubySOA/exhaustednei/monolith-exhaustednei/app/domain/promote_animals_to_users/values/user_donations.rb": {
        "lines": [
          null,
          null,
          1,
          1,
          null,
          1,
          1,
          null,
          1,
          603,
          null,
          null,
          1,
          7,
          null,
          null,
          1,
          0,
          null,
          null,
          null,
          null
        ]
      },
      "/Users/tony/Documents/RubySOA/exhaustednei/monolith-exhaustednei/app/domain/promote_animals_to_users/lib/time_difference_calculator.rb": {
        "lines": [
          null,
          null,
          1,
          1,
          null,
          1,
          1,
          34,
          null,
          null,
          null,
          null
        ]
      },
      "/Users/tony/Documents/RubySOA/exhaustednei/monolith-exhaustednei/app/domain/promote_animals_to_users/lib/similarity_calculator.rb": {
        "lines": [
          null,
          null,
          1,
          null,
          1,
          1,
          null,
          1,
          1,
          34,
          34,
          238,
          null,
          34,
          null,
          null,
          null,
          null
        ]
      },
      "/Users/tony/Documents/RubySOA/exhaustednei/monolith-exhaustednei/app/domain/promote_animals_to_users/values/animal_features.rb": {
        "lines": [
          null,
          null,
          1,
          1,
          1,
          null,
          1,
          null,
          1,
          1,
          1,
          1,
          1,
          1,
          1,
          1,
          1,
          1,
          1,
          1,
          null,
          1,
          0,
          null,
          null,
          null,
          null
        ]
      },
      "/Users/tony/Documents/RubySOA/exhaustednei/monolith-exhaustednei/app/domain/promote_animals_to_users/entities/county_shelters.rb": {
        "lines": [
          null,
          null,
          1,
          null,
          1,
          1,
          null,
          1,
          1,
          null,
          1,
          3,
          null,
          null,
          1,
          1,
          1,
          7,
          null,
          1,
          null,
          null,
          1,
          1,
          1,
          1,
          1,
          null,
          null,
          null,
          null
        ]
      },
      "/Users/tony/Documents/RubySOA/exhaustednei/monolith-exhaustednei/app/domain/promote_animals_to_users/lib/types.rb": {
        "lines": [
          null,
          null,
          1,
          1,
          null,
          1,
          1,
          54,
          null,
          null,
          null,
          null
        ]
      },
      "/Users/tony/Documents/RubySOA/exhaustednei/monolith-exhaustednei/app/domain/promote_animals_to_users/mappers/animal_mapper.rb": {
        "lines": [
          null,
          null,
          1,
          null,
          null,
          1,
          1,
          null,
          1,
          1,
          null,
          1,
          3,
          null,
          null,
          1,
          603,
          603,
          603,
          603,
          603,
          null,
          0,
          null,
          null,
          null,
          1,
          603,
          603,
          null,
          null,
          1,
          3,
          603,
          603,
          603,
          null,
          3,
          null,
          null,
          1,
          3,
          null,
          null,
          null,
          null,
          1,
          1,
          603,
          null,
          null,
          null,
          1,
          408,
          null,
          null,
          null,
          null,
          null,
          null,
          null,
          null,
          null,
          null,
          null,
          null,
          null,
          1,
          195,
          null,
          null,
          null,
          null,
          null,
          null,
          null,
          null,
          null,
          null,
          null,
          null,
          null,
          null,
          1,
          null,
          1,
          603,
          null,
          null,
          1,
          603,
          null,
          null,
          1,
          603,
          null,
          null,
          1,
          603,
          null,
          null,
          1,
          603,
          null,
          null,
          1,
          603,
          null,
          null,
          1,
          603,
          null,
          null,
          1,
          603,
          null,
          null,
          1,
          603,
          null,
          null,
          1,
          603,
          18,
          null,
          585,
          null,
          null,
          null,
          null,
          null,
          null
        ]
      },
      "/Users/tony/Documents/RubySOA/exhaustednei/monolith-exhaustednei/app/domain/promote_animals_to_users/mappers/animal_shelter_initiator.rb": {
        "lines": [
          null,
          null,
          null,
          1,
          1,
          1,
          1,
          null,
          1,
          1,
          null,
          null,
          null,
          1,
          3,
          null,
          null,
          null,
          1,
          603,
          603,
          16884,
          null,
          null,
          603,
          null,
          null,
          1,
          603,
          603,
          16884,
          null,
          null,
          603,
          null,
          null,
          null,
          1,
          3,
          3,
          603,
          null,
          3,
          null,
          null,
          1,
          3,
          3,
          603,
          null,
          3,
          null,
          null,
          1,
          3,
          3,
          3,
          3,
          3,
          null,
          null,
          null,
          null
        ]
      },
      "/Users/tony/Documents/RubySOA/exhaustednei/monolith-exhaustednei/app/domain/promote_animals_to_users/mappers/county_shelter_mapper.rb": {
        "lines": [
          null,
          null,
          1,
          1,
          1,
          null,
          null,
          1,
          1,
          null,
          1,
          1,
          null,
          null,
          1,
          3,
          3,
          null,
          null,
          1,
          603,
          null,
          null,
          1,
          0,
          null,
          null,
          1,
          0,
          null,
          null,
          1,
          3,
          603,
          603,
          null,
          603,
          null,
          null,
          null,
          null,
          1,
          0,
          null,
          null,
          1,
          3,
          null,
          null,
          null,
          null
        ]
      },
      "/Users/tony/Documents/RubySOA/exhaustednei/monolith-exhaustednei/app/domain/promote_animals_to_users/mappers/shelter_mapper.rb": {
        "lines": [
          null,
          null,
          1,
          1,
          null,
          1,
          1,
          null,
          1,
          1,
          null,
          null,
          1,
          0,
          null,
          null,
          1,
          603,
          null,
          null,
          null,
          1,
          1,
          603,
          603,
          null,
          null,
          1,
          603,
          null,
          null,
          null,
          null,
          null,
          null,
          null,
          null,
          null,
          null,
          1,
          null,
          1,
          603,
          null,
          null,
          1,
          603,
          null,
          null,
          1,
          603,
          null,
          null,
          1,
          603,
          null,
          null,
          1,
          603,
          null,
          null,
          null,
          null,
          null
        ]
      },
      "/Users/tony/Documents/RubySOA/exhaustednei/monolith-exhaustednei/app/domain/promote_animals_to_users/repositories/animals.rb": {
        "lines": [
          null,
          null,
          1,
          1,
          null,
          1,
          1,
          0,
          null,
          null,
          1,
          0,
          null,
          null,
          1,
          0,
          null,
          null,
          1,
          0,
          null,
          null,
          0,
          0,
          0,
          0,
          null,
          null,
          0,
          null,
          null,
          null,
          1,
          0,
          null,
          0,
          null,
          null,
          null,
          null,
          null,
          null,
          null,
          null,
          null,
          null,
          null,
          null,
          null,
          null,
          1,
          0,
          0,
          0,
          0,
          null,
          null,
          0,
          null,
          null,
          1,
          0,
          null,
          0,
          0,
          null,
          null,
          1,
          0,
          null,
          null,
          null,
          null,
          1,
          0,
          0,
          0,
          null,
          0,
          null,
          null,
          1,
          0,
          0,
          null,
          null,
          null,
          1,
          0,
          null,
          null,
          null,
          1,
          1,
          0,
          null,
          null,
          1,
          0,
          null,
          null,
          null,
          null,
          1,
          1,
          null,
          1,
          0,
          0,
          null,
          null,
          null,
          null,
          null
        ]
      },
      "/Users/tony/Documents/RubySOA/exhaustednei/monolith-exhaustednei/app/domain/promote_animals_to_users/repositories/for.rb": {
        "lines": [
          null,
          null,
          1,
          1,
          null,
          1,
          1,
          null,
          1,
          null,
          1,
          null,
          null,
          null,
          null,
          1,
          0,
          null,
          null,
          1,
          0,
          null,
          null,
          null,
          null
        ]
      },
      "/Users/tony/Documents/RubySOA/exhaustednei/monolith-exhaustednei/app/domain/promote_animals_to_users/repositories/shelters.rb": {
        "lines": [
          null,
          null,
          1,
          1,
          null,
          1,
          1,
          null,
          1,
          1,
          0,
          null,
          null,
          1,
          0,
          null,
          null,
          1,
          null,
          0,
          0,
          null,
          null,
          1,
          0,
          0,
          null,
          null,
          1,
          0,
          null,
          null,
          0,
          null,
          0,
          null,
          null,
          1,
          0,
          null,
          0,
          null,
          0,
          null,
          null,
          null,
          null,
          null,
          null,
          1,
          0,
          0,
          0,
          null,
          null,
          null,
          1,
          1,
          0,
          null,
          null,
          1,
          null,
          0,
          null,
          null,
          1,
          0,
          0,
          0,
          0,
          null,
          null,
          null,
          null,
          1,
          null,
          0,
          null,
          0,
          0,
          0,
          null,
          null,
          null,
          null,
          null
        ]
      },
      "/Users/tony/Documents/RubySOA/exhaustednei/monolith-exhaustednei/app/application/controllers/app.rb": {
        "lines": [
          null,
          null,
          1,
          1,
          1,
          1,
          1,
          1,
          1,
          1,
          null,
          1,
          null,
          null,
          null,
          1,
          1,
          1,
          1,
          1,
          1,
          1,
          null,
          1,
          1,
          null,
          null,
          null,
          1,
          0,
          0,
          0,
          null,
          null,
          0,
          0,
          0,
          0,
          null,
          0,
          null,
          null,
          0,
          0,
          0,
          null,
          0,
          0,
          0,
          0,
          0,
          null,
          null,
          null,
          0,
          0,
          0,
          null,
          0,
          null,
          null,
          0,
          0,
          null,
          null,
          0,
          0,
          0,
          0,
          0,
          null,
          null,
          0,
          null,
          null,
          null,
          0,
          0,
          0,
          null,
          0,
          0,
          0,
          0,
          0,
          null,
          0,
          0,
          0,
          null,
          0,
          null,
          0,
          null,
          null,
          null,
          0,
          0,
          0,
          0,
          null,
          0,
          0,
          null,
          0,
          null,
          null,
          null,
          null,
          0,
          0,
          null,
          null,
          null,
          null,
          0,
          0,
          null,
          null,
          null,
          null,
          0,
          null,
          0,
          0,
          0,
          null,
          null,
          null,
          null,
          null,
          0,
          0,
          0,
          0,
          0,
          null,
          null,
          null,
          null,
          null,
          0,
          0,
          0,
          null,
          null,
          null,
          0,
          0,
          0,
          null,
          null,
          null,
          0,
          0,
          0,
          null,
          0,
          0,
          null,
          0,
          0,
          0,
          0,
          null,
          0,
          0,
          null,
          null,
          null,
          null,
          0,
          0,
          0,
          null,
          null,
          null,
          0,
          0,
          null,
          null,
          null,
          null,
          null,
          0,
          0,
          0,
          null,
          null,
          null,
          0,
          null,
          null,
          null,
          null,
          null,
          null,
          null,
          null,
          null,
          null,
          null,
          null
        ]
      },
      "/Users/tony/Documents/RubySOA/exhaustednei/monolith-exhaustednei/app/application/forms/user_input.rb": {
        "lines": [
          null,
          null,
          1,
          null,
          1,
          1,
          null,
          1,
          1,
          1,
          1,
          1,
          1,
          1,
          1,
          null,
          null,
          1,
          1,
          null,
          1,
          0,
          null,
          1,
          0,
          null,
          null,
          1,
          0,
          0,
          0,
          0,
          null,
          1,
          0,
          0,
          null,
          null,
          null,
          null,
          null,
          1,
          1,
          0,
          0,
          0,
          0,
          0,
          null,
          null,
          null,
          1,
          0,
          0,
          null,
          0,
          null,
          null,
          null,
          null
        ]
      },
      "/Users/tony/Documents/RubySOA/exhaustednei/monolith-exhaustednei/app/application/services/create_user_accounts.rb": {
        "lines": [
          null,
          null,
          1,
          null,
          1,
          1,
          null,
          1,
          1,
          null,
          1,
          1,
          null,
          1,
          null,
          1,
          0,
          0,
          0,
          0,
          null,
          0,
          null,
          0,
          null,
          null,
          null,
          1,
          0,
          0,
          null,
          null,
          0,
          0,
          null,
          0,
          null,
          null,
          null,
          null,
          null,
          1,
          1,
          null,
          1,
          null,
          1,
          null,
          1,
          0,
          null,
          null,
          0,
          null,
          0,
          null,
          0,
          null,
          null,
          null,
          null
        ]
      },
      "/Users/tony/Documents/RubySOA/exhaustednei/monolith-exhaustednei/app/application/services/for_domain_testing.rb": {
        "lines": [
          null,
          null,
          1,
          1,
          null,
          1,
          1,
          null,
          1,
          null,
          1,
          null,
          1,
          0,
          null,
          null,
          0,
          0,
          null,
          0,
          0,
          0,
          null,
          null,
          null,
          null,
          null
        ]
      },
      "/Users/tony/Documents/RubySOA/exhaustednei/monolith-exhaustednei/app/application/services/image_recognition.rb": {
        "lines": [
          null,
          null,
          1,
          null,
          1,
          1,
          null,
          1,
          1,
          1,
          null,
          1,
          null,
          1,
          0,
          null,
          0,
          0,
          null,
          0,
          null,
          null,
          0,
          null,
          null,
          null,
          null
        ]
      },
      "/Users/tony/Documents/RubySOA/exhaustednei/monolith-exhaustednei/app/application/services/pick_animal_shelters.rb": {
        "lines": [
          null,
          null,
          1,
          1,
          null,
          1,
          1,
          null,
          1,
          null,
          1,
          0,
          0,
          null,
          0,
          null,
          null,
          null,
          null,
          1,
          1,
          null,
          1,
          null,
          1,
          0,
          null,
          null,
          0,
          null,
          0,
          null,
          null,
          null,
          null
        ]
      },
      "/Users/tony/Documents/RubySOA/exhaustednei/monolith-exhaustednei/app/application/services/user_donations.rb": {
        "lines": [
          null,
          null,
          1,
          null,
          1,
          1,
          null,
          1,
          null,
          null,
          null
        ]
      },
      "/Users/tony/Documents/RubySOA/exhaustednei/monolith-exhaustednei/spec/tests/integration/layers/domain_finder_keeper_spec.rb": {
        "lines": [
          null,
          null,
          1,
          1,
          1,
          1,
          1,
          null,
          1,
          1,
          1,
          null,
          1,
          1,
          1,
          null,
          null,
          1,
          7,
          null,
          null,
          7,
          null,
          null,
          1,
          7,
          null,
          null,
          1,
          null,
          1,
          7,
          null,
          null,
          null,
          null,
          7,
          null,
          null,
          null,
          7,
          null,
          null,
          null,
          7,
          null,
          null,
          null,
          null,
          7,
          7,
          7,
          7,
          7,
          7,
          null,
          null,
          1,
          1,
          null,
          null,
          1,
          1,
          1,
          null,
          null,
          null,
          1,
          1,
          1,
          1,
          1,
          1,
          null,
          null,
          1,
          1,
          1,
          null,
          null,
          1,
          1,
          1,
          1,
          null,
          null,
          null,
          1,
          1,
          1,
          1,
          null,
          null,
          1,
          1,
          null,
          1,
          0,
          0,
          null,
          null,
          null,
          null
        ]
      },
      "/Users/tony/Documents/RubySOA/exhaustednei/monolith-exhaustednei/spec/helpers/database_helper.rb": {
        "lines": [
          null,
          null,
          null,
          1,
          1,
          null,
          0,
          0,
          0,
          0,
          0,
          null,
          null,
          1,
          7,
          7,
          7,
          null,
          null
        ]
      }
    },
    "timestamp": 1703259223
  }
}
